
> todolist@0.1.0 dev /Users/beamstark/code/nextjs/todolist
> next dev

   ▲ Next.js 15.1.2
   - Local:        http://localhost:3000
   - Network:      http://192.168.1.13:3000

 ✓ Starting...
 ✓ Ready in 1876ms
 ○ Compiling / ...
 ✓ Compiled / in 3.3s (1406 modules)
 GET / 200 in 3939ms
 ✓ Compiled in 426ms (703 modules)
 ✓ Compiled /api/todos in 319ms (1412 modules)
 GET /api/todos 200 in 381ms
 ○ Compiling /settings ...
 ✓ Compiled /settings in 691ms (1435 modules)
 GET /settings 200 in 742ms
 GET / 200 in 33ms
 GET /api/todos 200 in 26ms
 GET /api/todos 200 in 6ms
 GET /settings 200 in 7ms
 GET / 200 in 6ms
 GET /api/todos 200 in 10ms
 GET /api/todos 200 in 12ms
 GET / 200 in 182ms
 GET /api/todos 200 in 8ms
 GET / 200 in 93ms
 ✓ Compiled /_not-found in 464ms (1439 modules)
 GET /.well-known/appspecific/com.chrome.devtools.json 404 in 605ms
 GET /api/todos 200 in 17ms
 GET /settings 200 in 13ms
 GET / 200 in 10ms
 GET /api/todos 200 in 5ms
 GET /api/todos 200 in 4ms
 GET / 200 in 75ms
 GET /.well-known/appspecific/com.chrome.devtools.json 404 in 16ms
 GET /api/todos 200 in 5ms
